2025-05-08 17:01:53,574 [INFO] [FACTORY] Initializing MOCK UART interface...
2025-05-08 17:01:53,575 [DEBUG] [TELEMETRY] SERIALIZED | TLM_ID: 1 | PARAMS: (37.1111, 35.1111, 100.0) | SIZE: 13B
2025-05-08 17:01:53,575 [INFO] [TELEMETRY] SENT | GPS -> DST: 1 | LAT: 37.1111, LON: 35.1111, ALT: 100.0
2025-05-08 17:01:53,575 [DEBUG] [TELEMETRY] SERIALIZED | TLM_ID: 2 | PARAMS: (1.1, 2.2, 3.3) | SIZE: 13B
2025-05-08 17:01:53,575 [INFO] [TELEMETRY] SENT | IMU -> DST: 1 | ROLL: 1.1, PITCH: 2.2, YAW: 3.3
2025-05-08 17:01:53,575 [DEBUG] [TELEMETRY] SERIALIZED | TLM_ID: 3 | PARAMS: (11.1, 4.2, 95.0) | SIZE: 13B
2025-05-08 17:01:53,575 [INFO] [TELEMETRY] SENT | BATTERY -> DST: 1 | VOLT: 11.1V, CURR: 4.2A, LEVEL: 95.0%
2025-05-08 17:01:53,576 [DEBUG] [TELEMETRY] SERIALIZED | TLM_ID: 4 | PARAMS: ('GUIDED', 'OK', True, True, 10) | SIZE: 68B
2025-05-08 17:01:53,576 [INFO] [TELEMETRY] SENT | HEARTBEAT -> DST: 1 | MODE: GUIDED, HEALTH: OK, ARMED: True, FIX: True, SATS: 10
2025-05-08 17:01:53,576 [DEBUG] [TELEMETRY] SERIALIZED | TLM_ID: 1 | PARAMS: (36.1111, 33.1111, 90.0) | SIZE: 13B
2025-05-08 17:01:53,576 [INFO] [TELEMETRY] SENT | GPS -> DST: 1 | LAT: 36.1111, LON: 33.1111, ALT: 90.0
2025-05-08 17:01:53,576 [DEBUG] [TELEMETRY] SERIALIZED | TLM_ID: 2 | PARAMS: (15.1, 5.0, 7.0) | SIZE: 13B
2025-05-08 17:01:53,576 [INFO] [TELEMETRY] SENT | IMU -> DST: 1 | ROLL: 15.1, PITCH: 5.0, YAW: 7.0
2025-05-08 17:01:53,576 [DEBUG] [TELEMETRY] SERIALIZED | TLM_ID: 3 | PARAMS: (10.9, 4.1, 77.0) | SIZE: 13B
2025-05-08 17:01:53,577 [INFO] [TELEMETRY] SENT | BATTERY -> DST: 1 | VOLT: 10.9V, CURR: 4.1A, LEVEL: 77.0%
2025-05-08 17:01:53,577 [DEBUG] [TELEMETRY] SERIALIZED | TLM_ID: 4 | PARAMS: ('AUTO', 'OK', True, True, 11) | SIZE: 68B
2025-05-08 17:01:53,577 [INFO] [TELEMETRY] SENT | HEARTBEAT -> DST: 1 | MODE: AUTO, HEALTH: OK, ARMED: True, FIX: True, SATS: 11
2025-05-08 17:01:53,577 [DEBUG] [COMMAND] SERIALIZED | CMD_ID: 3 | PARAM_LEN: 4
2025-05-08 17:01:53,577 [INFO] [COMMAND] SENT | TAKEOFF(30) -> DST: 1
2025-05-08 17:01:53,577 [INFO] [ROUTER] RECEIVED | FRAME_TYPE='T' | SRC: 1 -> DST: 1
2025-05-08 17:01:53,578 [INFO] [ROUTER] DISPATCHED | FRAME_TYPE='T' | HANDLER: handle_telemetry
2025-05-08 17:01:53,578 [DEBUG] [TELEMETRY] DESERIALIZED | TLM_ID: 1 | FIELDS: ['lat', 'lon', 'alt'] | SIZE: 13B
2025-05-08 17:01:53,578 [INFO] [TELEMETRY] Received GPS data from SRC: 1
2025-05-08 17:01:53,578 [DEBUG] [TELEMETRY] -> LAT: 37.111099, LON: 35.111099, ALT: 100.00
2025-05-08 17:01:53,578 [INFO] [ROUTER] RECEIVED | FRAME_TYPE='T' | SRC: 1 -> DST: 1
2025-05-08 17:01:53,578 [INFO] [ROUTER] DISPATCHED | FRAME_TYPE='T' | HANDLER: handle_telemetry
2025-05-08 17:01:53,578 [DEBUG] [TELEMETRY] DESERIALIZED | TLM_ID: 2 | FIELDS: ['roll', 'pitch', 'yaw'] | SIZE: 13B
2025-05-08 17:01:53,579 [INFO] [TELEMETRY] Received IMU data from SRC: 1
2025-05-08 17:01:53,580 [DEBUG] [TELEMETRY] -> Roll: 1.10, Pitch: 2.20, Yaw: 3.30
2025-05-08 17:01:53,580 [INFO] [ROUTER] RECEIVED | FRAME_TYPE='T' | SRC: 1 -> DST: 1
2025-05-08 17:01:53,580 [INFO] [ROUTER] DISPATCHED | FRAME_TYPE='T' | HANDLER: handle_telemetry
2025-05-08 17:01:53,580 [DEBUG] [TELEMETRY] DESERIALIZED | TLM_ID: 3 | FIELDS: ['voltage', 'current', 'level'] | SIZE: 13B
2025-05-08 17:01:53,580 [INFO] [TELEMETRY] Received BATTERY data from SRC: 1
2025-05-08 17:01:53,580 [DEBUG] [TELEMETRY] -> Voltage: 11.10, Current: 4.20, Level: 95.00
2025-05-08 17:01:53,580 [INFO] [ROUTER] RECEIVED | FRAME_TYPE='T' | SRC: 1 -> DST: 1
2025-05-08 17:01:53,580 [INFO] [ROUTER] DISPATCHED | FRAME_TYPE='T' | HANDLER: handle_telemetry
2025-05-08 17:01:53,580 [DEBUG] [TELEMETRY] DESERIALIZED | TLM_ID: 4 | FIELDS: ['mode', 'health', 'is_armed', 'gps_fix', 'sat_count'] | SIZE: 68B
2025-05-08 17:01:53,581 [INFO] [TELEMETRY] Received HEARTBEAT from SRC: 1
2025-05-08 17:01:53,581 [DEBUG] [TELEMETRY] -> MODE: GUIDED, HEALTH: OK, ARMED: True, GPS_FIX: True, SATS: 10
2025-05-08 17:01:53,581 [INFO] [ROUTER] RECEIVED | FRAME_TYPE='T' | SRC: 2 -> DST: 1
2025-05-08 17:01:53,581 [INFO] [ROUTER] DISPATCHED | FRAME_TYPE='T' | HANDLER: handle_telemetry
2025-05-08 17:01:53,581 [DEBUG] [TELEMETRY] DESERIALIZED | TLM_ID: 1 | FIELDS: ['lat', 'lon', 'alt'] | SIZE: 13B
2025-05-08 17:01:53,582 [INFO] [TELEMETRY] Received GPS data from SRC: 2
2025-05-08 17:01:53,582 [DEBUG] [TELEMETRY] -> LAT: 36.111099, LON: 33.111099, ALT: 90.00
2025-05-08 17:01:53,582 [INFO] [ROUTER] RECEIVED | FRAME_TYPE='T' | SRC: 2 -> DST: 1
2025-05-08 17:01:53,582 [INFO] [ROUTER] DISPATCHED | FRAME_TYPE='T' | HANDLER: handle_telemetry
2025-05-08 17:01:53,582 [DEBUG] [TELEMETRY] DESERIALIZED | TLM_ID: 2 | FIELDS: ['roll', 'pitch', 'yaw'] | SIZE: 13B
2025-05-08 17:01:53,582 [INFO] [TELEMETRY] Received IMU data from SRC: 2
2025-05-08 17:01:53,582 [DEBUG] [TELEMETRY] -> Roll: 15.10, Pitch: 5.00, Yaw: 7.00
2025-05-08 17:01:53,583 [INFO] [ROUTER] RECEIVED | FRAME_TYPE='T' | SRC: 2 -> DST: 1
2025-05-08 17:01:53,583 [INFO] [ROUTER] DISPATCHED | FRAME_TYPE='T' | HANDLER: handle_telemetry
2025-05-08 17:01:53,583 [DEBUG] [TELEMETRY] DESERIALIZED | TLM_ID: 3 | FIELDS: ['voltage', 'current', 'level'] | SIZE: 13B
2025-05-08 17:01:53,584 [INFO] [TELEMETRY] Received BATTERY data from SRC: 2
2025-05-08 17:01:53,584 [DEBUG] [TELEMETRY] -> Voltage: 10.90, Current: 4.10, Level: 77.00
2025-05-08 17:01:53,585 [INFO] [ROUTER] RECEIVED | FRAME_TYPE='T' | SRC: 2 -> DST: 1
2025-05-08 17:01:53,585 [INFO] [ROUTER] DISPATCHED | FRAME_TYPE='T' | HANDLER: handle_telemetry
2025-05-08 17:01:53,585 [DEBUG] [TELEMETRY] DESERIALIZED | TLM_ID: 4 | FIELDS: ['mode', 'health', 'is_armed', 'gps_fix', 'sat_count'] | SIZE: 68B
2025-05-08 17:01:53,585 [INFO] [TELEMETRY] Received HEARTBEAT from SRC: 2
2025-05-08 17:01:53,585 [DEBUG] [TELEMETRY] -> MODE: AUTO, HEALTH: OK, ARMED: True, GPS_FIX: True, SATS: 11
2025-05-08 17:01:53,586 [INFO] [ROUTER] RECEIVED | FRAME_TYPE='C' | SRC: 1 -> DST: 1
2025-05-08 17:01:53,586 [INFO] [ROUTER] DISPATCHED | FRAME_TYPE='C' | HANDLER: handle_command
2025-05-08 17:01:53,586 [DEBUG] [COMMAND] DESERIALIZED | CMD_ID: 3 | PARAM_LEN: 4
2025-05-08 17:01:53,586 [INFO] [COMMAND] RECEIVED | CMD: 3 (TAKEOFF) FROM SRC: 1 | PRM: b'A\xf0\x00\x00'
2025-05-08 17:01:53,586 [INFO] [COMMAND] SENT | CMD: TAKEOFF | ALT: 30.00 m
2025-05-08 17:01:53,586 [DEBUG] [ACK] SERIALIZED | TYPE: ACK | CMD: TAKEOFF | STATUS: SUCCESS
2025-05-08 17:01:53,586 [INFO] [ACK] SENT | CMD_ID: 3 -> DST: 1 | STATUS: SUCCESS
2025-05-08 17:01:53,587 [INFO] [ROUTER] RECEIVED | FRAME_TYPE='A' | SRC: 1 -> DST: 1
2025-05-08 17:01:53,587 [INFO] [ROUTER] DISPATCHED | FRAME_TYPE='A' | HANDLER: handle_ack
2025-05-08 17:01:53,587 [DEBUG] [ACK] DESERIALIZED | TYPE: ACK | CMD: TAKEOFF | STATUS: SUCCESS
2025-05-08 17:01:53,587 [INFO] [ACK] RECEIVED | TYPE: ACK | CMD: TAKEOFF | STATUS: SUCCESS | SRC: 1 -> DST: 1
2025-05-08 17:01:57,588 [DEBUG] [TELEMETRY] SERIALIZED | TLM_ID: 1 | PARAMS: (35.1111, 33.1111, 90.0) | SIZE: 13B
2025-05-08 17:01:57,591 [INFO] [TELEMETRY] SENT | GPS -> DST: 1 | LAT: 35.1111, LON: 33.1111, ALT: 90.0
2025-05-08 17:01:57,591 [DEBUG] [TELEMETRY] SERIALIZED | TLM_ID: 4 | PARAMS: ('RTL', 'OK', False, True, 9) | SIZE: 68B
2025-05-08 17:01:57,593 [INFO] [TELEMETRY] SENT | HEARTBEAT -> DST: 1 | MODE: RTL, HEALTH: OK, ARMED: False, FIX: True, SATS: 9
2025-05-08 17:01:57,594 [INFO] [ROUTER] RECEIVED | FRAME_TYPE='T' | SRC: 3 -> DST: 1
2025-05-08 17:01:57,595 [INFO] [ROUTER] DISPATCHED | FRAME_TYPE='T' | HANDLER: handle_telemetry
2025-05-08 17:01:57,595 [DEBUG] [TELEMETRY] DESERIALIZED | TLM_ID: 1 | FIELDS: ['lat', 'lon', 'alt'] | SIZE: 13B
2025-05-08 17:01:57,597 [INFO] [TELEMETRY] Received GPS data from SRC: 3
2025-05-08 17:01:57,597 [DEBUG] [TELEMETRY] -> LAT: 35.111099, LON: 33.111099, ALT: 90.00
2025-05-08 17:01:57,599 [INFO] [ROUTER] RECEIVED | FRAME_TYPE='T' | SRC: 3 -> DST: 1
2025-05-08 17:01:57,599 [INFO] [ROUTER] DISPATCHED | FRAME_TYPE='T' | HANDLER: handle_telemetry
2025-05-08 17:01:57,600 [DEBUG] [TELEMETRY] DESERIALIZED | TLM_ID: 4 | FIELDS: ['mode', 'health', 'is_armed', 'gps_fix', 'sat_count'] | SIZE: 68B
2025-05-08 17:01:57,601 [INFO] [TELEMETRY] Received HEARTBEAT from SRC: 3
2025-05-08 17:01:57,602 [DEBUG] [TELEMETRY] -> MODE: RTL, HEALTH: OK, ARMED: False, GPS_FIX: True, SATS: 9
